<?xml version="1.0" encoding="UTF-8"?>
<testsuites name="Search" time="63" tests="5" failures="0" errors="0">
   <testsuite name="Search" tests="5" failures="0" errors="0" time="63" timestamp="2018-10-19 14:07:52" hostname="janilsso - LNOR021564.corp.capgemini.com" id="Test Suites/Search">
      <properties>
         <property name="deviceName" value=""/>
         <property name="devicePlatform" value=""/>
         <property name="logFolder" value="C:\\Users\\janilsso\\git\\KatalonGitTest\\Reports\\Search\\20181019_140750"/>
         <property name="logFiles" value="C:\\Users\\janilsso\\git\\KatalonGitTest\\Reports\\Search\\20181019_140750\\execution0.log"/>
         <property name="attachments" value=""/>
         <property name="hostName" value="janilsso - LNOR021564.corp.capgemini.com"/>
         <property name="os" value="Windows 10 64bit"/>
         <property name="katalonVersion" value="5.8.0.1"/>
         <property name="browser" value="Chrome 69.0.3497.100"/>
         <property name="hostAddress" value="10.225.99.26"/>
         <property name="sessionId" value="6562c9f171a2507676bb74569fcc1698"/>
         <property name="seleniumVersion" value="3.7.1"/>
         <property name="proxyInformation" value="ProxyInformation{proxyOption=NO_PROXY, proxyServerType=HTTP, password=, proxyServerAddress=, proxyServerPort=0}"/>
         <property name="platform" value="Windows 10"/>
      </properties>
      <testcase name="Test Cases/TC1" classname="Test Cases/TC1" status="PASSED">
         <system-out><![CDATA[2018-10-19 14:07:53 - [TEST_CASE][PASSED] - Test Cases/TC1: Test Cases/TC1

2018-10-19 14:07:53 - [TEST_STEP][PASSED] - openBrowser: Browser is opened with url: ''

2018-10-19 14:07:58 - [MESSAGE][PASSED] - Browser is opened with url: ''

2018-10-19 14:07:58 - [TEST_STEP][PASSED] - maximizeWindow: Current window maximized

2018-10-19 14:08:00 - [MESSAGE][PASSED] - Current window maximized

2018-10-19 14:08:00 - [TEST_STEP][PASSED] - navigateToUrl: Navigate to 'https://desenio.se/' successfully

2018-10-19 14:08:03 - [MESSAGE][PASSED] - Navigate to 'https://desenio.se/' successfully

2018-10-19 14:08:03 - [TEST_STEP][PASSED] - setText: Text 'Nature' is set on object 'Object Repository/Desenio_OR/input_Sk produkt_term'

2018-10-19 14:08:03 - [MESSAGE][PASSED] - Text 'Nature' is set on object 'Object Repository/Desenio_OR/input_Sk produkt_term'

2018-10-19 14:08:03 - [TEST_STEP][PASSED] - click: Object: 'Object Repository/Desenio_OR/input_Sk produkt_Sokknapp' is clicked on

2018-10-19 14:08:06 - [MESSAGE][PASSED] - Object: 'Object Repository/Desenio_OR/input_Sk produkt_Sokknapp' is clicked on

2018-10-19 14:08:06 - [TEST_STEP][PASSED] - verifyTextPresent: Text 'Nature' is present on page 

2018-10-19 14:08:07 - [MESSAGE][PASSED] - Text 'Nature' is present on page 

2018-10-19 14:08:07 - [TEST_STEP][PASSED] - closeBrowser: Browser is closed

2018-10-19 14:08:07 - [MESSAGE][PASSED] - Browser is closed]]></system-out>
         <system-err><![CDATA[]]></system-err>
      </testcase>
      <testcase name="Test Cases/TC1" classname="Test Cases/TC1" status="PASSED">
         <system-out><![CDATA[2018-10-19 14:08:07 - [TEST_CASE][PASSED] - Test Cases/TC1: Test Cases/TC1

2018-10-19 14:08:07 - [TEST_STEP][PASSED] - openBrowser: Browser is opened with url: ''

2018-10-19 14:08:11 - [MESSAGE][PASSED] - Browser is opened with url: ''

2018-10-19 14:08:11 - [TEST_STEP][PASSED] - maximizeWindow: Current window maximized

2018-10-19 14:08:13 - [MESSAGE][PASSED] - Current window maximized

2018-10-19 14:08:13 - [TEST_STEP][PASSED] - navigateToUrl: Navigate to 'https://desenio.se/' successfully

2018-10-19 14:08:16 - [MESSAGE][PASSED] - Navigate to 'https://desenio.se/' successfully

2018-10-19 14:08:16 - [TEST_STEP][PASSED] - setText: Text 'Forest' is set on object 'Object Repository/Desenio_OR/input_Sk produkt_term'

2018-10-19 14:08:16 - [MESSAGE][PASSED] - Text 'Forest' is set on object 'Object Repository/Desenio_OR/input_Sk produkt_term'

2018-10-19 14:08:16 - [TEST_STEP][PASSED] - click: Object: 'Object Repository/Desenio_OR/input_Sk produkt_Sokknapp' is clicked on

2018-10-19 14:08:17 - [MESSAGE][PASSED] - Object: 'Object Repository/Desenio_OR/input_Sk produkt_Sokknapp' is clicked on

2018-10-19 14:08:17 - [TEST_STEP][PASSED] - verifyTextPresent: Text 'Forest' is present on page 

2018-10-19 14:08:18 - [MESSAGE][PASSED] - Text 'Forest' is present on page 

2018-10-19 14:08:18 - [TEST_STEP][PASSED] - closeBrowser: Browser is closed

2018-10-19 14:08:18 - [MESSAGE][PASSED] - Browser is closed]]></system-out>
         <system-err><![CDATA[]]></system-err>
      </testcase>
      <testcase name="Test Cases/TC1" classname="Test Cases/TC1" status="PASSED">
         <system-out><![CDATA[2018-10-19 14:08:18 - [TEST_CASE][PASSED] - Test Cases/TC1: Test Cases/TC1

2018-10-19 14:08:18 - [TEST_STEP][PASSED] - openBrowser: Browser is opened with url: ''

2018-10-19 14:08:22 - [MESSAGE][PASSED] - Browser is opened with url: ''

2018-10-19 14:08:22 - [TEST_STEP][PASSED] - maximizeWindow: Current window maximized

2018-10-19 14:08:24 - [MESSAGE][PASSED] - Current window maximized

2018-10-19 14:08:24 - [TEST_STEP][PASSED] - navigateToUrl: Navigate to 'https://desenio.se/' successfully

2018-10-19 14:08:27 - [MESSAGE][PASSED] - Navigate to 'https://desenio.se/' successfully

2018-10-19 14:08:27 - [TEST_STEP][PASSED] - setText: Text 'Fish' is set on object 'Object Repository/Desenio_OR/input_Sk produkt_term'

2018-10-19 14:08:27 - [MESSAGE][PASSED] - Text 'Fish' is set on object 'Object Repository/Desenio_OR/input_Sk produkt_term'

2018-10-19 14:08:27 - [TEST_STEP][PASSED] - click: Object: 'Object Repository/Desenio_OR/input_Sk produkt_Sokknapp' is clicked on

2018-10-19 14:08:29 - [MESSAGE][PASSED] - Object: 'Object Repository/Desenio_OR/input_Sk produkt_Sokknapp' is clicked on

2018-10-19 14:08:29 - [TEST_STEP][PASSED] - verifyTextPresent: Text 'Fish' is present on page 

2018-10-19 14:08:29 - [MESSAGE][PASSED] - Text 'Fish' is present on page 

2018-10-19 14:08:29 - [TEST_STEP][PASSED] - closeBrowser: Browser is closed

2018-10-19 14:08:30 - [MESSAGE][PASSED] - Browser is closed]]></system-out>
         <system-err><![CDATA[]]></system-err>
      </testcase>
      <testcase name="Test Cases/TC1" classname="Test Cases/TC1" status="PASSED">
         <system-out><![CDATA[2018-10-19 14:08:30 - [TEST_CASE][PASSED] - Test Cases/TC1: Test Cases/TC1

2018-10-19 14:08:30 - [TEST_STEP][PASSED] - openBrowser: Browser is opened with url: ''

2018-10-19 14:08:34 - [MESSAGE][PASSED] - Browser is opened with url: ''

2018-10-19 14:08:34 - [TEST_STEP][PASSED] - maximizeWindow: Current window maximized

2018-10-19 14:08:35 - [MESSAGE][PASSED] - Current window maximized

2018-10-19 14:08:35 - [TEST_STEP][PASSED] - navigateToUrl: Navigate to 'https://desenio.se/' successfully

2018-10-19 14:08:38 - [MESSAGE][PASSED] - Navigate to 'https://desenio.se/' successfully

2018-10-19 14:08:38 - [TEST_STEP][PASSED] - setText: Text 'Tree' is set on object 'Object Repository/Desenio_OR/input_Sk produkt_term'

2018-10-19 14:08:38 - [MESSAGE][PASSED] - Text 'Tree' is set on object 'Object Repository/Desenio_OR/input_Sk produkt_term'

2018-10-19 14:08:38 - [TEST_STEP][PASSED] - click: Object: 'Object Repository/Desenio_OR/input_Sk produkt_Sokknapp' is clicked on

2018-10-19 14:08:43 - [MESSAGE][PASSED] - Object: 'Object Repository/Desenio_OR/input_Sk produkt_Sokknapp' is clicked on

2018-10-19 14:08:43 - [TEST_STEP][PASSED] - verifyTextPresent: Text 'Tree' is present on page 

2018-10-19 14:08:44 - [MESSAGE][PASSED] - Text 'Tree' is present on page 

2018-10-19 14:08:44 - [TEST_STEP][PASSED] - closeBrowser: Browser is closed

2018-10-19 14:08:45 - [MESSAGE][PASSED] - Browser is closed]]></system-out>
         <system-err><![CDATA[]]></system-err>
      </testcase>
      <testcase name="Test Cases/TC1" classname="Test Cases/TC1" status="PASSED">
         <system-out><![CDATA[2018-10-19 14:08:45 - [TEST_CASE][PASSED] - Test Cases/TC1: Test Cases/TC1

2018-10-19 14:08:45 - [TEST_STEP][PASSED] - openBrowser: Browser is opened with url: ''

2018-10-19 14:08:49 - [MESSAGE][PASSED] - Browser is opened with url: ''

2018-10-19 14:08:49 - [TEST_STEP][PASSED] - maximizeWindow: Current window maximized

2018-10-19 14:08:50 - [MESSAGE][PASSED] - Current window maximized

2018-10-19 14:08:50 - [TEST_STEP][PASSED] - navigateToUrl: Navigate to 'https://desenio.se/' successfully

2018-10-19 14:08:53 - [MESSAGE][PASSED] - Navigate to 'https://desenio.se/' successfully

2018-10-19 14:08:53 - [TEST_STEP][PASSED] - setText: Text 'SADFSAFDS' is set on object 'Object Repository/Desenio_OR/input_Sk produkt_term'

2018-10-19 14:08:53 - [MESSAGE][PASSED] - Text 'SADFSAFDS' is set on object 'Object Repository/Desenio_OR/input_Sk produkt_term'

2018-10-19 14:08:53 - [TEST_STEP][PASSED] - click: Object: 'Object Repository/Desenio_OR/input_Sk produkt_Sokknapp' is clicked on

2018-10-19 14:08:55 - [MESSAGE][PASSED] - Object: 'Object Repository/Desenio_OR/input_Sk produkt_Sokknapp' is clicked on

2018-10-19 14:08:55 - [TEST_STEP][PASSED] - verifyTextPresent: Text 'SADFSAFDS' is present on page 

2018-10-19 14:08:55 - [MESSAGE][PASSED] - Text 'SADFSAFDS' is present on page 

2018-10-19 14:08:55 - [TEST_STEP][PASSED] - closeBrowser: Browser is closed

2018-10-19 14:08:56 - [MESSAGE][PASSED] - Browser is closed]]></system-out>
         <system-err><![CDATA[]]></system-err>
      </testcase>
      <system-out><![CDATA[2018-10-19 14:07:52 - [TEST_SUITE][PASSED] - Search: Test Cases/TC1]]></system-out>
      <system-err><![CDATA[]]></system-err>
   </testsuite>
</testsuites>
