<?xml version="1.0" encoding="UTF-8"?>
<testsuites name="Search" time="64" tests="5" failures="0" errors="0">
   <testsuite name="Search" tests="5" failures="0" errors="0" time="64" timestamp="2018-10-22 10:46:56" hostname="janilsso - LNOR021564.corp.capgemini.com" id="Test Suites/Search">
      <properties>
         <property name="deviceName" value=""/>
         <property name="devicePlatform" value=""/>
         <property name="logFolder" value="C:\\Users\\janilsso\\git\\KatalonGitTest\\Reports\\Search\\20181022_104653"/>
         <property name="logFiles" value="C:\\Users\\janilsso\\git\\KatalonGitTest\\Reports\\Search\\20181022_104653\\execution0.log"/>
         <property name="attachments" value=""/>
         <property name="hostName" value="janilsso - LNOR021564.corp.capgemini.com"/>
         <property name="os" value="Windows 10 64bit"/>
         <property name="katalonVersion" value="5.8.0.1"/>
         <property name="browser" value="Chrome 69.0.3497.100"/>
         <property name="hostAddress" value="10.225.99.40"/>
         <property name="sessionId" value="27c1b30d50c8d2202a1ab7aded148edd"/>
         <property name="seleniumVersion" value="3.7.1"/>
         <property name="proxyInformation" value="ProxyInformation{proxyOption=NO_PROXY, proxyServerType=HTTP, password=, proxyServerAddress=, proxyServerPort=0}"/>
         <property name="platform" value="Windows 10"/>
      </properties>
      <testcase name="Test Cases/TC1" classname="Test Cases/TC1" status="PASSED">
         <system-out><![CDATA[2018-10-22 10:46:57 - [TEST_CASE][PASSED] - Test Cases/TC1: Test Cases/TC1

2018-10-22 10:46:57 - [TEST_STEP][PASSED] - openBrowser: Browser is opened with url: ''

2018-10-22 10:47:03 - [MESSAGE][PASSED] - Browser is opened with url: ''

2018-10-22 10:47:03 - [TEST_STEP][PASSED] - maximizeWindow: Current window maximized

2018-10-22 10:47:05 - [MESSAGE][PASSED] - Current window maximized

2018-10-22 10:47:05 - [TEST_STEP][PASSED] - navigateToUrl: Navigate to 'https://desenio.se/' successfully

2018-10-22 10:47:08 - [MESSAGE][PASSED] - Navigate to 'https://desenio.se/' successfully

2018-10-22 10:47:08 - [TEST_STEP][PASSED] - setText: Text 'Nature' is set on object 'Object Repository/Desenio_OR/input_Sk produkt_term'

2018-10-22 10:47:08 - [MESSAGE][PASSED] - Text 'Nature' is set on object 'Object Repository/Desenio_OR/input_Sk produkt_term'

2018-10-22 10:47:08 - [TEST_STEP][PASSED] - click: Object: 'Object Repository/Desenio_OR/input_Sk produkt_Sokknapp' is clicked on

2018-10-22 10:47:12 - [MESSAGE][PASSED] - Object: 'Object Repository/Desenio_OR/input_Sk produkt_Sokknapp' is clicked on

2018-10-22 10:47:12 - [TEST_STEP][PASSED] - verifyTextPresent: Text 'Nature' is present on page 

2018-10-22 10:47:13 - [MESSAGE][PASSED] - Text 'Nature' is present on page 

2018-10-22 10:47:13 - [TEST_STEP][PASSED] - closeBrowser: Browser is closed

2018-10-22 10:47:13 - [MESSAGE][PASSED] - Browser is closed]]></system-out>
         <system-err><![CDATA[]]></system-err>
      </testcase>
      <testcase name="Test Cases/TC1" classname="Test Cases/TC1" status="PASSED">
         <system-out><![CDATA[2018-10-22 10:47:13 - [TEST_CASE][PASSED] - Test Cases/TC1: Test Cases/TC1

2018-10-22 10:47:13 - [TEST_STEP][PASSED] - openBrowser: Browser is opened with url: ''

2018-10-22 10:47:17 - [MESSAGE][PASSED] - Browser is opened with url: ''

2018-10-22 10:47:17 - [TEST_STEP][PASSED] - maximizeWindow: Current window maximized

2018-10-22 10:47:18 - [MESSAGE][PASSED] - Current window maximized

2018-10-22 10:47:18 - [TEST_STEP][PASSED] - navigateToUrl: Navigate to 'https://desenio.se/' successfully

2018-10-22 10:47:22 - [MESSAGE][PASSED] - Navigate to 'https://desenio.se/' successfully

2018-10-22 10:47:22 - [TEST_STEP][PASSED] - setText: Text 'Forest' is set on object 'Object Repository/Desenio_OR/input_Sk produkt_term'

2018-10-22 10:47:23 - [MESSAGE][PASSED] - Text 'Forest' is set on object 'Object Repository/Desenio_OR/input_Sk produkt_term'

2018-10-22 10:47:23 - [TEST_STEP][PASSED] - click: Object: 'Object Repository/Desenio_OR/input_Sk produkt_Sokknapp' is clicked on

2018-10-22 10:47:24 - [MESSAGE][PASSED] - Object: 'Object Repository/Desenio_OR/input_Sk produkt_Sokknapp' is clicked on

2018-10-22 10:47:24 - [TEST_STEP][PASSED] - verifyTextPresent: Text 'Forest' is present on page 

2018-10-22 10:47:24 - [MESSAGE][PASSED] - Text 'Forest' is present on page 

2018-10-22 10:47:24 - [TEST_STEP][PASSED] - closeBrowser: Browser is closed

2018-10-22 10:47:25 - [MESSAGE][PASSED] - Browser is closed]]></system-out>
         <system-err><![CDATA[]]></system-err>
      </testcase>
      <testcase name="Test Cases/TC1" classname="Test Cases/TC1" status="PASSED">
         <system-out><![CDATA[2018-10-22 10:47:25 - [TEST_CASE][PASSED] - Test Cases/TC1: Test Cases/TC1

2018-10-22 10:47:25 - [TEST_STEP][PASSED] - openBrowser: Browser is opened with url: ''

2018-10-22 10:47:29 - [MESSAGE][PASSED] - Browser is opened with url: ''

2018-10-22 10:47:29 - [TEST_STEP][PASSED] - maximizeWindow: Current window maximized

2018-10-22 10:47:30 - [MESSAGE][PASSED] - Current window maximized

2018-10-22 10:47:30 - [TEST_STEP][PASSED] - navigateToUrl: Navigate to 'https://desenio.se/' successfully

2018-10-22 10:47:33 - [MESSAGE][PASSED] - Navigate to 'https://desenio.se/' successfully

2018-10-22 10:47:33 - [TEST_STEP][PASSED] - setText: Text 'Fish' is set on object 'Object Repository/Desenio_OR/input_Sk produkt_term'

2018-10-22 10:47:34 - [MESSAGE][PASSED] - Text 'Fish' is set on object 'Object Repository/Desenio_OR/input_Sk produkt_term'

2018-10-22 10:47:34 - [TEST_STEP][PASSED] - click: Object: 'Object Repository/Desenio_OR/input_Sk produkt_Sokknapp' is clicked on

2018-10-22 10:47:36 - [MESSAGE][PASSED] - Object: 'Object Repository/Desenio_OR/input_Sk produkt_Sokknapp' is clicked on

2018-10-22 10:47:36 - [TEST_STEP][PASSED] - verifyTextPresent: Text 'Fish' is present on page 

2018-10-22 10:47:36 - [MESSAGE][PASSED] - Text 'Fish' is present on page 

2018-10-22 10:47:36 - [TEST_STEP][PASSED] - closeBrowser: Browser is closed

2018-10-22 10:47:37 - [MESSAGE][PASSED] - Browser is closed]]></system-out>
         <system-err><![CDATA[]]></system-err>
      </testcase>
      <testcase name="Test Cases/TC1" classname="Test Cases/TC1" status="PASSED">
         <system-out><![CDATA[2018-10-22 10:47:37 - [TEST_CASE][PASSED] - Test Cases/TC1: Test Cases/TC1

2018-10-22 10:47:37 - [TEST_STEP][PASSED] - openBrowser: Browser is opened with url: ''

2018-10-22 10:47:41 - [MESSAGE][PASSED] - Browser is opened with url: ''

2018-10-22 10:47:41 - [TEST_STEP][PASSED] - maximizeWindow: Current window maximized

2018-10-22 10:47:42 - [MESSAGE][PASSED] - Current window maximized

2018-10-22 10:47:42 - [TEST_STEP][PASSED] - navigateToUrl: Navigate to 'https://desenio.se/' successfully

2018-10-22 10:47:45 - [MESSAGE][PASSED] - Navigate to 'https://desenio.se/' successfully

2018-10-22 10:47:45 - [TEST_STEP][PASSED] - setText: Text 'Tree' is set on object 'Object Repository/Desenio_OR/input_Sk produkt_term'

2018-10-22 10:47:46 - [MESSAGE][PASSED] - Text 'Tree' is set on object 'Object Repository/Desenio_OR/input_Sk produkt_term'

2018-10-22 10:47:46 - [TEST_STEP][PASSED] - click: Object: 'Object Repository/Desenio_OR/input_Sk produkt_Sokknapp' is clicked on

2018-10-22 10:47:47 - [MESSAGE][PASSED] - Object: 'Object Repository/Desenio_OR/input_Sk produkt_Sokknapp' is clicked on

2018-10-22 10:47:47 - [TEST_STEP][PASSED] - verifyTextPresent: Text 'Tree' is present on page 

2018-10-22 10:47:47 - [MESSAGE][PASSED] - Text 'Tree' is present on page 

2018-10-22 10:47:47 - [TEST_STEP][PASSED] - closeBrowser: Browser is closed

2018-10-22 10:47:48 - [MESSAGE][PASSED] - Browser is closed]]></system-out>
         <system-err><![CDATA[]]></system-err>
      </testcase>
      <testcase name="Test Cases/TC1" classname="Test Cases/TC1" status="PASSED">
         <system-out><![CDATA[2018-10-22 10:47:48 - [TEST_CASE][PASSED] - Test Cases/TC1: Test Cases/TC1

2018-10-22 10:47:48 - [TEST_STEP][PASSED] - openBrowser: Browser is opened with url: ''

2018-10-22 10:47:52 - [MESSAGE][PASSED] - Browser is opened with url: ''

2018-10-22 10:47:52 - [TEST_STEP][PASSED] - maximizeWindow: Current window maximized

2018-10-22 10:47:53 - [MESSAGE][PASSED] - Current window maximized

2018-10-22 10:47:53 - [TEST_STEP][PASSED] - navigateToUrl: Navigate to 'https://desenio.se/' successfully

2018-10-22 10:47:57 - [MESSAGE][PASSED] - Navigate to 'https://desenio.se/' successfully

2018-10-22 10:47:57 - [TEST_STEP][PASSED] - setText: Text 'SADFSAFDS' is set on object 'Object Repository/Desenio_OR/input_Sk produkt_term'

2018-10-22 10:47:57 - [MESSAGE][PASSED] - Text 'SADFSAFDS' is set on object 'Object Repository/Desenio_OR/input_Sk produkt_term'

2018-10-22 10:47:57 - [TEST_STEP][PASSED] - click: Object: 'Object Repository/Desenio_OR/input_Sk produkt_Sokknapp' is clicked on

2018-10-22 10:47:59 - [MESSAGE][PASSED] - Object: 'Object Repository/Desenio_OR/input_Sk produkt_Sokknapp' is clicked on

2018-10-22 10:47:59 - [TEST_STEP][PASSED] - verifyTextPresent: Text 'SADFSAFDS' is present on page 

2018-10-22 10:48:00 - [MESSAGE][PASSED] - Text 'SADFSAFDS' is present on page 

2018-10-22 10:48:00 - [TEST_STEP][PASSED] - closeBrowser: Browser is closed

2018-10-22 10:48:00 - [MESSAGE][PASSED] - Browser is closed]]></system-out>
         <system-err><![CDATA[]]></system-err>
      </testcase>
      <system-out><![CDATA[2018-10-22 10:46:56 - [TEST_SUITE][PASSED] - Search: Test Cases/TC1]]></system-out>
      <system-err><![CDATA[]]></system-err>
   </testsuite>
</testsuites>
