<?xml version="1.0" encoding="UTF-8"?>
<testsuites name="Search" time="35" tests="1" failures="0" errors="0">
   <testsuite name="Search" tests="1" failures="0" errors="0" time="35" timestamp="2018-10-22 14:56:21" hostname="janilsso - LNOR021564.corp.capgemini.com" id="Test Suites/Search">
      <properties>
         <property name="deviceName" value=""/>
         <property name="devicePlatform" value=""/>
         <property name="logFolder" value="C:\\Users\\janilsso\\git\\KatalonGitTest\\Reports\\Search\\20181022_145618"/>
         <property name="logFiles" value="C:\\Users\\janilsso\\git\\KatalonGitTest\\Reports\\Search\\20181022_145618\\execution0.log"/>
         <property name="attachments" value=""/>
         <property name="hostName" value="janilsso - LNOR021564.corp.capgemini.com"/>
         <property name="os" value="Windows 10 64bit"/>
         <property name="katalonVersion" value="5.8.0.1"/>
         <property name="browser" value="Chrome 69.0.3497.100"/>
         <property name="hostAddress" value="10.38.102.113"/>
         <property name="sessionId" value="3e2779a7820bf5155d87c5b269a2a2eb"/>
         <property name="seleniumVersion" value="3.7.1"/>
         <property name="proxyInformation" value="ProxyInformation{proxyOption=NO_PROXY, proxyServerType=HTTP, password=, proxyServerAddress=, proxyServerPort=0}"/>
         <property name="platform" value="Windows 10"/>
      </properties>
      <testcase name="Test Cases/TC1" classname="Test Cases/TC1" status="PASSED">
         <system-out><![CDATA[2018-10-22 14:56:21 - [TEST_CASE][PASSED] - Test Cases/TC1: Test Cases/TC1

2018-10-22 14:56:21 - [TEST_STEP][PASSED] - openBrowser: Browser is opened with url: ''

2018-10-22 14:56:27 - [MESSAGE][PASSED] - Browser is opened with url: ''

2018-10-22 14:56:27 - [TEST_STEP][PASSED] - maximizeWindow: Current window maximized

2018-10-22 14:56:28 - [MESSAGE][PASSED] - Current window maximized

2018-10-22 14:56:28 - [TEST_STEP][PASSED] - navigateToUrl: Navigate to 'https://desenio.se/' successfully

2018-10-22 14:56:32 - [MESSAGE][PASSED] - Navigate to 'https://desenio.se/' successfully

2018-10-22 14:56:32 - [TEST_STEP][PASSED] - Statement - For ([rownr = 1, rownr <= com.kms.katalon.core.testdata.TestDataFactory.findTestData(SearchData).getRowNumbers(), (rownr++)]): Text 'SADFSAFDS' is present on page 

2018-10-22 14:56:33 - [TEST_STEP][PASSED] - setText: Text 'Nature' is set on object 'Object Repository/Desenio_OR/input_Sk produkt_term'

2018-10-22 14:56:33 - [MESSAGE][PASSED] - Text 'Nature' is set on object 'Object Repository/Desenio_OR/input_Sk produkt_term'

2018-10-22 14:56:33 - [TEST_STEP][PASSED] - click: Object: 'Object Repository/Desenio_OR/input_Sk produkt_Sokknapp' is clicked on

2018-10-22 14:56:37 - [MESSAGE][PASSED] - Object: 'Object Repository/Desenio_OR/input_Sk produkt_Sokknapp' is clicked on

2018-10-22 14:56:37 - [TEST_STEP][PASSED] - verifyTextPresent: Text 'Nature' is present on page 

2018-10-22 14:56:38 - [MESSAGE][PASSED] - Text 'Nature' is present on page 

2018-10-22 14:56:38 - [TEST_STEP][PASSED] - setText: Text 'Forest' is set on object 'Object Repository/Desenio_OR/input_Sk produkt_term'

2018-10-22 14:56:38 - [MESSAGE][PASSED] - Text 'Forest' is set on object 'Object Repository/Desenio_OR/input_Sk produkt_term'

2018-10-22 14:56:38 - [TEST_STEP][PASSED] - click: Object: 'Object Repository/Desenio_OR/input_Sk produkt_Sokknapp' is clicked on

2018-10-22 14:56:42 - [MESSAGE][PASSED] - Object: 'Object Repository/Desenio_OR/input_Sk produkt_Sokknapp' is clicked on

2018-10-22 14:56:42 - [TEST_STEP][PASSED] - verifyTextPresent: Text 'Forest' is present on page 

2018-10-22 14:56:43 - [MESSAGE][PASSED] - Text 'Forest' is present on page 

2018-10-22 14:56:43 - [TEST_STEP][PASSED] - setText: Text 'Fish' is set on object 'Object Repository/Desenio_OR/input_Sk produkt_term'

2018-10-22 14:56:43 - [MESSAGE][PASSED] - Text 'Fish' is set on object 'Object Repository/Desenio_OR/input_Sk produkt_term'

2018-10-22 14:56:43 - [TEST_STEP][PASSED] - click: Object: 'Object Repository/Desenio_OR/input_Sk produkt_Sokknapp' is clicked on

2018-10-22 14:56:45 - [MESSAGE][PASSED] - Object: 'Object Repository/Desenio_OR/input_Sk produkt_Sokknapp' is clicked on

2018-10-22 14:56:45 - [TEST_STEP][PASSED] - verifyTextPresent: Text 'Fish' is present on page 

2018-10-22 14:56:45 - [MESSAGE][PASSED] - Text 'Fish' is present on page 

2018-10-22 14:56:45 - [TEST_STEP][PASSED] - setText: Text 'Tree' is set on object 'Object Repository/Desenio_OR/input_Sk produkt_term'

2018-10-22 14:56:46 - [MESSAGE][PASSED] - Text 'Tree' is set on object 'Object Repository/Desenio_OR/input_Sk produkt_term'

2018-10-22 14:56:46 - [TEST_STEP][PASSED] - click: Object: 'Object Repository/Desenio_OR/input_Sk produkt_Sokknapp' is clicked on

2018-10-22 14:56:51 - [MESSAGE][PASSED] - Object: 'Object Repository/Desenio_OR/input_Sk produkt_Sokknapp' is clicked on

2018-10-22 14:56:51 - [TEST_STEP][PASSED] - verifyTextPresent: Text 'Tree' is present on page 

2018-10-22 14:56:52 - [MESSAGE][PASSED] - Text 'Tree' is present on page 

2018-10-22 14:56:52 - [TEST_STEP][PASSED] - setText: Text 'SADFSAFDS' is set on object 'Object Repository/Desenio_OR/input_Sk produkt_term'

2018-10-22 14:56:53 - [MESSAGE][PASSED] - Text 'SADFSAFDS' is set on object 'Object Repository/Desenio_OR/input_Sk produkt_term'

2018-10-22 14:56:53 - [TEST_STEP][PASSED] - click: Object: 'Object Repository/Desenio_OR/input_Sk produkt_Sokknapp' is clicked on

2018-10-22 14:56:54 - [MESSAGE][PASSED] - Object: 'Object Repository/Desenio_OR/input_Sk produkt_Sokknapp' is clicked on

2018-10-22 14:56:54 - [TEST_STEP][PASSED] - verifyTextPresent: Text 'SADFSAFDS' is present on page 

2018-10-22 14:56:55 - [MESSAGE][PASSED] - Text 'SADFSAFDS' is present on page 

2018-10-22 14:56:55 - [TEST_STEP][PASSED] - closeBrowser: Browser is closed

2018-10-22 14:56:55 - [MESSAGE][PASSED] - Browser is closed]]></system-out>
         <system-err><![CDATA[]]></system-err>
      </testcase>
      <system-out><![CDATA[2018-10-22 14:56:21 - [TEST_SUITE][PASSED] - Search: Test Cases/TC1]]></system-out>
      <system-err><![CDATA[]]></system-err>
   </testsuite>
</testsuites>
