<?xml version="1.0" encoding="UTF-8"?>
<testsuites name="Search" time="15" tests="1" failures="0" errors="0">
   <testsuite name="Search" tests="1" failures="0" errors="0" time="15" timestamp="2018-10-19 10:15:35" hostname="janilsso - LNOR021564.corp.capgemini.com" id="Test Suites/Search">
      <properties>
         <property name="deviceName" value=""/>
         <property name="devicePlatform" value=""/>
         <property name="logFolder" value="C:\\Users\\janilsso\\git\\KatalonGitTest\\Reports\\Search\\20181019_101532"/>
         <property name="logFiles" value="C:\\Users\\janilsso\\git\\KatalonGitTest\\Reports\\Search\\20181019_101532\\execution0.log"/>
         <property name="attachments" value=""/>
         <property name="hostName" value="janilsso - LNOR021564.corp.capgemini.com"/>
         <property name="os" value="Windows 10 64bit"/>
         <property name="katalonVersion" value="5.8.0.1"/>
         <property name="browser" value="Chrome 69.0.3497.100"/>
         <property name="hostAddress" value="10.225.99.26"/>
         <property name="sessionId" value="a41a19877c259c52fac867a912afb4f5"/>
         <property name="seleniumVersion" value="3.7.1"/>
         <property name="proxyInformation" value="ProxyInformation{proxyOption=NO_PROXY, proxyServerType=HTTP, password=, proxyServerAddress=, proxyServerPort=0}"/>
         <property name="platform" value="Windows 10"/>
      </properties>
      <testcase name="Test Cases/TC1" classname="Test Cases/TC1" status="PASSED">
         <system-out><![CDATA[2018-10-19 10:15:36 - [TEST_CASE][PASSED] - Test Cases/TC1: Test Cases/TC1

2018-10-19 10:15:37 - [TEST_STEP][PASSED] - openBrowser: Browser is opened with url: ''

2018-10-19 10:15:43 - [MESSAGE][PASSED] - Browser is opened with url: ''

2018-10-19 10:15:43 - [TEST_STEP][PASSED] - maximizeWindow: Current window maximized

2018-10-19 10:15:44 - [MESSAGE][PASSED] - Current window maximized

2018-10-19 10:15:44 - [TEST_STEP][PASSED] - navigateToUrl: Navigate to 'https://desenio.se/' successfully

2018-10-19 10:15:48 - [MESSAGE][PASSED] - Navigate to 'https://desenio.se/' successfully

2018-10-19 10:15:48 - [TEST_STEP][PASSED] - setText: Text 'nature' is set on object 'Object Repository/Desenio_OR/input_Sk produkt_term'

2018-10-19 10:15:48 - [MESSAGE][PASSED] - Text 'nature' is set on object 'Object Repository/Desenio_OR/input_Sk produkt_term'

2018-10-19 10:15:48 - [TEST_STEP][PASSED] - click: Object: 'Object Repository/Desenio_OR/input_Sk produkt_Sokknapp' is clicked on

2018-10-19 10:15:50 - [MESSAGE][PASSED] - Object: 'Object Repository/Desenio_OR/input_Sk produkt_Sokknapp' is clicked on

2018-10-19 10:15:50 - [TEST_STEP][PASSED] - verifyTextPresent: Text 'nature' is present on page 

2018-10-19 10:15:50 - [MESSAGE][PASSED] - Text 'nature' is present on page 

2018-10-19 10:15:50 - [TEST_STEP][PASSED] - closeBrowser: Browser is closed

2018-10-19 10:15:51 - [MESSAGE][PASSED] - Browser is closed]]></system-out>
         <system-err><![CDATA[]]></system-err>
      </testcase>
      <system-out><![CDATA[2018-10-19 10:15:35 - [TEST_SUITE][PASSED] - Search: Test Cases/TC1]]></system-out>
      <system-err><![CDATA[]]></system-err>
   </testsuite>
</testsuites>
